20221124	12:58:02	7291289d-a117-40c0-8b76-c03121e25020	POST	/auth	undefined
20221124	12:59:16	b8b4cfb0-355f-43e5-89e4-e6e683bb2db9	POST	/auth	undefined
20221124	12:59:55	32f183e2-2f6f-41b2-8b91-fbfaea52b6e0	POST	/auth	undefined
20221124	14:07:06	b618c3fd-e4f3-42e6-b281-c0fb238356b8	POST	/auth	undefined
20221124	14:07:13	53e86942-12d2-43ed-b6a3-4d8a11f50f19	GET	/notes	undefined
20221124	14:07:23	310b1cce-a0b7-412b-a3f1-cd4df3de10c0	GET	/notes	undefined
20221124	14:07:47	77efd538-fe2a-43a6-8d43-e49a71a6dd32	GET	/notes	undefined
20221124	14:08:30	e9dcc65c-9704-41e3-a9c9-909de490b7af	GET	/notes	undefined
20221124	14:34:52	ab319150-4ee8-4c27-85c9-2265d12c52f4	OPTIONS	/auth	http://localhost:3000
20221124	14:34:52	d69b2514-e098-445c-95f6-877b82fe125a	POST	/auth	http://localhost:3000
20221124	14:34:53	aa4ca3ce-7cc5-4ae1-98bc-0ca4f4c84015	OPTIONS	/notes	http://localhost:3000
20221124	14:34:53	fcfae0c5-6fb5-4964-bc33-86853e136e6b	OPTIONS	/users	http://localhost:3000
20221124	14:34:53	f27f2eb2-e1da-49c4-80b4-2c55ea91d2bc	GET	/notes	http://localhost:3000
20221124	14:34:53	38186c41-1d25-45e1-b418-35b4e64aa178	GET	/users	http://localhost:3000
20221124	14:36:47	df94aec7-2110-483e-adc4-1f749d20b302	GET	/auth/refresh	http://localhost:3000
20221124	14:36:47	11a0a04e-1b4d-4f95-8316-e7d3e8439602	OPTIONS	/notes	http://localhost:3000
20221124	14:36:47	1fabff8b-4f23-44e5-9b4e-c35c48f86a8b	OPTIONS	/users	http://localhost:3000
20221124	14:36:47	d2f1d4f3-c3a3-4a6a-96e2-9f12a7d90901	GET	/notes	http://localhost:3000
20221124	14:36:47	075591dd-15e1-496e-a799-dd959c442661	GET	/users	http://localhost:3000
20221124	14:39:18	5af72269-02b2-46d6-8421-37e4937141fe	OPTIONS	/auth	http://localhost:3000
20221124	14:39:18	f0728c05-ff0b-4cba-bdc2-bb47d3660f0e	POST	/auth	http://localhost:3000
20221124	14:39:18	95eccee2-0a9d-490f-be18-559acb39c45b	OPTIONS	/notes	http://localhost:3000
20221124	14:39:18	cb004bc0-5213-43b9-aeb4-11469374faf2	OPTIONS	/users	http://localhost:3000
20221124	14:39:18	8c23f6fe-f676-4fd7-a63f-fbe21d821f5e	GET	/notes	http://localhost:3000
20221124	14:39:18	5679cd64-52b6-4a6e-aec5-ae37cc20b1f9	GET	/users	http://localhost:3000
20221124	14:39:27	9f0fc5f1-d92f-47c8-8bf0-8ee976c43050	OPTIONS	/notes	http://localhost:3000
20221124	14:39:27	6dc4d0c0-d23f-4b3e-bf7e-532441f0219b	GET	/notes	http://localhost:3000
20221124	14:59:45	c82ab5ca-978e-4124-b032-da4b339752b7	OPTIONS	/auth	http://localhost:3000
20221124	14:59:45	6e701fbf-85b2-49d8-a1c4-4b223e580c73	POST	/auth	http://localhost:3000
20221124	14:59:45	e99df32d-03fb-4d2c-9a91-69c28a742a88	OPTIONS	/notes	http://localhost:3000
20221124	14:59:45	abadffdf-eb40-4275-bae6-d20a64a00cda	OPTIONS	/users	http://localhost:3000
20221124	14:59:45	9830f110-df2e-4660-b9f7-71f2778f9faa	GET	/notes	http://localhost:3000
20221124	14:59:45	2b201cbe-a028-48f3-a1f8-d320f3ddb9b0	GET	/users	http://localhost:3000
20221124	14:59:59	40eaf093-7df7-4913-bf3a-8513d534fb26	OPTIONS	/notes	http://localhost:3000
20221124	14:59:59	b93f032e-f93a-4084-bd0e-e570711a01f8	GET	/notes	http://localhost:3000
20221124	15:00:14	41e256f6-1570-48e9-ad57-8231690356a1	OPTIONS	/notes	http://localhost:3000
20221124	15:00:14	e6dd5c56-55e6-4f75-a1c6-373b19537384	GET	/notes	http://localhost:3000
20221124	15:00:27	08256bb6-8f32-4797-9ee3-a101682aa9ad	OPTIONS	/users	http://localhost:3000
20221124	15:00:27	27cb59e4-5218-433d-b93f-8f12099e1d08	GET	/users	http://localhost:3000
20221124	15:00:32	ef18e751-230a-445b-a493-c0551377b7bb	OPTIONS	/notes	http://localhost:3000
20221124	15:00:32	7303ff11-f73e-4fd7-9d90-f14c3913df73	GET	/notes	http://localhost:3000
20221124	15:00:39	2a97af85-57e4-4e56-b65b-d779a5ce7097	OPTIONS	/users	http://localhost:3000
20221124	15:00:39	ed546c52-47d4-4a46-8a22-5b9bda717284	GET	/users	http://localhost:3000
20221124	15:00:47	009659f5-dd6a-4246-8bc7-492f6553230f	OPTIONS	/users	http://localhost:3000
20221124	15:00:47	ebad0446-fb2c-468a-a1ed-bf3eb37a5e34	GET	/users	http://localhost:3000
20221124	15:00:49	0411e13d-3784-4409-ad01-034849dcf8ac	OPTIONS	/auth/logout	http://localhost:3000
20221124	15:00:49	7a107e5d-c4b6-4d2d-a763-4c7ffeee98f1	POST	/auth/logout	http://localhost:3000
20221124	15:01:12	ebe97210-da44-44f1-b5d2-59ea58ef97ca	POST	/auth	http://localhost:3000
20221124	15:01:12	49e26ed2-383b-47fe-a41b-55b8cd720b25	OPTIONS	/auth	http://localhost:3000
20221124	15:01:12	da1b82d1-6ebf-4815-b123-77de5324dcae	OPTIONS	/notes	http://localhost:3000
20221124	15:01:12	c73682da-d495-4db4-93e4-140dfdf10162	OPTIONS	/users	http://localhost:3000
20221124	15:01:12	8ef13e54-b6c2-4c4c-9938-975ef1bc090a	GET	/notes	http://localhost:3000
20221124	15:01:12	647c1167-a9a7-40fb-92a9-f099d0cf8dd6	GET	/users	http://localhost:3000
20221124	15:01:33	bf082481-a8c9-4b17-b337-0aecdd70c9a0	OPTIONS	/auth/logout	http://localhost:3000
20221124	15:01:33	f5ad8f54-2cd9-4d3d-ac68-f6962966e8ef	POST	/auth/logout	http://localhost:3000
